<?xml version="1.0" encoding="UTF-8"?>
<!-- Generated by org.testng.reporters.JUnitReportReporter -->
<testsuite name="googletest.Googletest" tests="1" time="24.322" ignored="0" failures="0" timestamp="23 Sep 2017 11:14:15 GMT" skipped="0" hostname="vigneshsankaran-PC" errors="0">
  <testcase name="Googletest" time="24.322" classname="googletest.Googletest"/>
</testsuite> <!-- googletest.Googletest -->
